<?xml version="1.0" encoding="UTF-8"?>
<!-- Generated by org.testng.reporters.JUnitReportReporter -->
<testsuite skipped="0" hostname="DESKTOP-DOAQ9QI" name="runnerPackage.TestRunner" tests="1" failures="0" timestamp="25 Feb 2018 06:19:58 GMT" time="0.066" errors="0">
  <testcase name="feature" time="0.066" classname="runnerPackage.TestRunner"/>
</testsuite> <!-- runnerPackage.TestRunner -->
